Base path: 'C:/Program Files/Unity/Hub/Editor/2019.4.29f1/Editor/Data', plugins path 'C:/Program Files/Unity/Hub/Editor/2019.4.29f1/Editor/Data/PlaybackEngines'
Cmd: initializeCompiler
Cmd: preprocess
  insize=1380 outsize=265 ok=1
Cmd: preprocess
  insize=1219 outsize=420 ok=1
Cmd: preprocess
  insize=5700 outsize=1964 ok=1
Cmd: preprocess
  insize=3958 outsize=719 ok=1
Cmd: preprocess
  insize=4241 outsize=439 ok=1
Cmd: preprocess
  insize=2146 outsize=351 ok=1
Cmd: preprocess
  insize=1689 outsize=613 ok=1
Cmd: preprocess
  insize=7279 outsize=1440 ok=1
Cmd: preprocess
  insize=18053 outsize=2592 ok=1
Cmd: preprocess
  insize=1676 outsize=1080 ok=1
Cmd: preprocess
  insize=9273 outsize=4437 ok=1
Cmd: preprocess
  insize=4816 outsize=845 ok=1
Cmd: preprocess
  insize=5245 outsize=488 ok=1
Cmd: preprocess
  insize=2302 outsize=468 ok=1
Cmd: preprocess
  insize=4768 outsize=3342 ok=1
Cmd: preprocess
  insize=5539 outsize=353 ok=1
Cmd: preprocess
  insize=5452 outsize=1945 ok=1
Cmd: preprocess
  insize=6524 outsize=361 ok=1
Cmd: preprocess
  insize=6896 outsize=4305 ok=1
Cmd: preprocess
  insize=3275 outsize=394 ok=1
Cmd: preprocess
  insize=3155 outsize=996 ok=1
Cmd: preprocess
  insize=742 outsize=346 ok=1
Cmd: preprocess
  insize=1183 outsize=286 ok=1
Cmd: preprocess
  insize=6807 outsize=880 ok=1
Cmd: preprocess
  insize=3836 outsize=374 ok=1
Cmd: preprocess
  insize=6548 outsize=4090 ok=1
Cmd: preprocess
  insize=5621 outsize=340 ok=1
Cmd: preprocess
  insize=3770 outsize=487 ok=1
Cmd: preprocess
  insize=9347 outsize=351 ok=1
Cmd: preprocess
  insize=3181 outsize=1014 ok=1
Cmd: preprocess
  insize=7538 outsize=3821 ok=1
Cmd: preprocess
  insize=5858 outsize=2426 ok=1
Cmd: preprocess
  insize=4356 outsize=2602 ok=1
Cmd: preprocess
  insize=12662 outsize=1878 ok=1
Cmd: preprocess
  insize=1052 outsize=174 ok=1
Cmd: preprocess
  insize=8209 outsize=2050 ok=1
Cmd: preprocess
  insize=945 outsize=218 ok=1
Cmd: preprocess
  insize=8448 outsize=361 ok=1
Cmd: preprocess
  insize=1709 outsize=368 ok=1
Cmd: preprocess
  insize=408 outsize=408 ok=1
Cmd: preprocess
  insize=8118 outsize=3650 ok=1
Cmd: preprocess
  insize=5045 outsize=744 ok=1
Cmd: preprocess
  insize=8730 outsize=1015 ok=1
Cmd: preprocess
  insize=2895 outsize=1294 ok=1
Cmd: preprocess
  insize=2991 outsize=340 ok=1
Cmd: preprocess
  insize=4427 outsize=1759 ok=1
Cmd: preprocess
  insize=3524 outsize=386 ok=1
Cmd: preprocess
  insize=7174 outsize=814 ok=1
Cmd: preprocess
  insize=8982 outsize=2407 ok=1
Cmd: preprocess
  insize=64782 outsize=3161 ok=1
Cmd: preprocess
  insize=64456 outsize=3182 ok=1
Cmd: preprocess
  insize=62564 outsize=3308 ok=1
Cmd: preprocess
  insize=59051 outsize=2879 ok=1
Cmd: preprocess
  insize=68696 outsize=3473 ok=1
Cmd: preprocess
  insize=61245 outsize=3261 ok=1
Cmd: preprocess
  insize=56960 outsize=3106 ok=1
Cmd: preprocess
  insize=1431 outsize=281 ok=1
Cmd: preprocess
  insize=1268 outsize=443 ok=1
Cmd: preprocess
  insize=5853 outsize=2032 ok=1
Cmd: preprocess
  insize=4091 outsize=758 ok=1
Cmd: preprocess
  insize=4377 outsize=462 ok=1
Cmd: preprocess
  insize=2215 outsize=371 ok=1
Cmd: preprocess
  insize=1760 outsize=643 ok=1
Cmd: preprocess
  insize=7490 outsize=1486 ok=1
Cmd: preprocess
  insize=18513 outsize=2654 ok=1
Cmd: preprocess
  insize=1749 outsize=1131 ok=1
Cmd: preprocess
  insize=9521 outsize=4568 ok=1
Cmd: preprocess
  insize=4985 outsize=889 ok=1
Cmd: preprocess
  insize=5379 outsize=510 ok=1
Cmd: preprocess
  insize=2385 outsize=493 ok=1
Cmd: preprocess
  insize=4876 outsize=3417 ok=1
Cmd: preprocess
  insize=5693 outsize=371 ok=1
Cmd: preprocess
  insize=5614 outsize=2009 ok=1
Cmd: preprocess
  insize=6686 outsize=379 ok=1
Cmd: preprocess
  insize=7055 outsize=4409 ok=1
Cmd: preprocess
  insize=3365 outsize=414 ok=1
Cmd: preprocess
  insize=3242 outsize=1030 ok=1
Cmd: preprocess
  insize=769 outsize=360 ok=1
Cmd: preprocess
  insize=1227 outsize=298 ok=1
Cmd: preprocess
  insize=6994 outsize=924 ok=1
Cmd: preprocess
  insize=3962 outsize=392 ok=1
Cmd: preprocess
  insize=6699 outsize=4188 ok=1
Cmd: preprocess
  insize=5761 outsize=356 ok=1
Cmd: preprocess
  insize=3889 outsize=509 ok=1
Cmd: preprocess
  insize=9585 outsize=369 ok=1
Cmd: preprocess
  insize=3267 outsize=1050 ok=1
Cmd: preprocess
  insize=7717 outsize=3917 ok=1
Cmd: preprocess
  insize=6028 outsize=2508 ok=1
Cmd: preprocess
  insize=4449 outsize=2656 ok=1
Cmd: preprocess
  insize=13035 outsize=1972 ok=1
Cmd: preprocess
  insize=1091 outsize=185 ok=1
Cmd: preprocess
  insize=8428 outsize=2123 ok=1
Cmd: preprocess
  insize=978 outsize=231 ok=1
Cmd: preprocess
  insize=8662 outsize=379 ok=1
Cmd: preprocess
  insize=1772 outsize=388 ok=1
Cmd: preprocess
  insize=428 outsize=428 ok=1
Cmd: preprocess
  insize=8335 outsize=3759 ok=1
Cmd: preprocess
  insize=5210 outsize=782 ok=1
Cmd: preprocess
  insize=9000 outsize=1068 ok=1
Cmd: preprocess
  insize=2999 outsize=1348 ok=1
Cmd: preprocess
  insize=3092 outsize=358 ok=1
Cmd: preprocess
  insize=4572 outsize=1825 ok=1
Cmd: preprocess
  insize=3619 outsize=405 ok=1
Cmd: preprocess
  insize=7364 outsize=858 ok=1
Cmd: preprocess
  insize=9192 outsize=2471 ok=1
Cmd: preprocess
  insize=64782 outsize=3161 ok=1
Cmd: preprocess
  insize=64456 outsize=3182 ok=1
Cmd: preprocess
  insize=62564 outsize=3308 ok=1
Cmd: preprocess
  insize=59051 outsize=2879 ok=1
Cmd: preprocess
  insize=68696 outsize=3473 ok=1
Cmd: preprocess
  insize=61245 outsize=3261 ok=1
Cmd: preprocess
  insize=56960 outsize=3106 ok=1
Cmd: compileSnippet
  api=4 type=0 insize=6643 outsize=682 kw= pd=UNITY_ENABLE_REFLECTION_BUFFERS UNITY_USE_DITHER_MASK_FOR_ALPHABLENDED_SHADOWS UNITY_PBS_USE_BRDF1 UNITY_SPECCUBE_BOX_PROJECTION UNITY_SPECCUBE_BLENDING UNITY_ENABLE_DETAIL_NORMALMAP SHADER_API_DESKTOP UNITY_LIGHT_PROBE_PROXY_VOLUME UNITY_LIGHTMAP_RGBM_ENCODING ok=1
Cmd: compileSnippet
  api=4 type=1 insize=6643 outsize=6182 kw= pd=UNITY_ENABLE_REFLECTION_BUFFERS UNITY_USE_DITHER_MASK_FOR_ALPHABLENDED_SHADOWS UNITY_PBS_USE_BRDF1 UNITY_SPECCUBE_BOX_PROJECTION UNITY_SPECCUBE_BLENDING UNITY_ENABLE_DETAIL_NORMALMAP SHADER_API_DESKTOP UNITY_LIGHT_PROBE_PROXY_VOLUME UNITY_LIGHTMAP_RGBM_ENCODING ok=1
Cmd: initializeCompiler
Cmd: compileSnippet
  api=4 type=0 insize=1602 outsize=1926 kw=UNITY_PASS_FORWARDBASE DIRECTIONAL LIGHTPROBE_SH _GLOSSYREFLECTIONS_OFF pd=UNITY_ENABLE_REFLECTION_BUFFERS UNITY_USE_DITHER_MASK_FOR_ALPHABLENDED_SHADOWS UNITY_PBS_USE_BRDF1 UNITY_SPECCUBE_BOX_PROJECTION UNITY_SPECCUBE_BLENDING UNITY_ENABLE_DETAIL_NORMALMAP SHADER_API_DESKTOP UNITY_LIGHT_PROBE_PROXY_VOLUME UNITY_LIGHTMAP_RGBM_ENCODING ok=1
Cmd: compileSnippet
  api=4 type=1 insize=1602 outsize=4894 kw=UNITY_PASS_FORWARDBASE DIRECTIONAL LIGHTPROBE_SH _GLOSSYREFLECTIONS_OFF pd=UNITY_ENABLE_REFLECTION_BUFFERS UNITY_USE_DITHER_MASK_FOR_ALPHABLENDED_SHADOWS UNITY_PBS_USE_BRDF1 UNITY_SPECCUBE_BOX_PROJECTION UNITY_SPECCUBE_BLENDING UNITY_ENABLE_DETAIL_NORMALMAP SHADER_API_DESKTOP UNITY_LIGHT_PROBE_PROXY_VOLUME UNITY_LIGHTMAP_RGBM_ENCODING ok=1
Cmd: compileSnippet
  api=4 type=0 insize=1602 outsize=2286 kw=UNITY_PASS_FORWARDBASE DIRECTIONAL LIGHTPROBE_SH _NORMALMAP _GLOSSYREFLECTIONS_OFF pd=UNITY_ENABLE_REFLECTION_BUFFERS UNITY_USE_DITHER_MASK_FOR_ALPHABLENDED_SHADOWS UNITY_PBS_USE_BRDF1 UNITY_SPECCUBE_BOX_PROJECTION UNITY_SPECCUBE_BLENDING UNITY_ENABLE_DETAIL_NORMALMAP SHADER_API_DESKTOP UNITY_LIGHT_PROBE_PROXY_VOLUME UNITY_LIGHTMAP_RGBM_ENCODING ok=1
Cmd: compileSnippet
  api=4 type=1 insize=1602 outsize=5286 kw=UNITY_PASS_FORWARDBASE DIRECTIONAL LIGHTPROBE_SH _NORMALMAP _GLOSSYREFLECTIONS_OFF pd=UNITY_ENABLE_REFLECTION_BUFFERS UNITY_USE_DITHER_MASK_FOR_ALPHABLENDED_SHADOWS UNITY_PBS_USE_BRDF1 UNITY_SPECCUBE_BOX_PROJECTION UNITY_SPECCUBE_BLENDING UNITY_ENABLE_DETAIL_NORMALMAP SHADER_API_DESKTOP UNITY_LIGHT_PROBE_PROXY_VOLUME UNITY_LIGHTMAP_RGBM_ENCODING ok=1
Cmd: compileSnippet
  api=4 type=0 insize=1460 outsize=2102 kw=UNITY_PASS_FORWARDADD DIRECTIONAL _NORMALMAP pd=UNITY_ENABLE_REFLECTION_BUFFERS UNITY_USE_DITHER_MASK_FOR_ALPHABLENDED_SHADOWS UNITY_PBS_USE_BRDF1 UNITY_SPECCUBE_BOX_PROJECTION UNITY_SPECCUBE_BLENDING UNITY_ENABLE_DETAIL_NORMALMAP SHADER_API_DESKTOP UNITY_LIGHT_PROBE_PROXY_VOLUME UNITY_LIGHTMAP_RGBM_ENCODING ok=1
Cmd: compileSnippet
  api=4 type=1 insize=1460 outsize=3782 kw=UNITY_PASS_FORWARDADD DIRECTIONAL _NORMALMAP pd=UNITY_ENABLE_REFLECTION_BUFFERS UNITY_USE_DITHER_MASK_FOR_ALPHABLENDED_SHADOWS UNITY_PBS_USE_BRDF1 UNITY_SPECCUBE_BOX_PROJECTION UNITY_SPECCUBE_BLENDING UNITY_ENABLE_DETAIL_NORMALMAP SHADER_API_DESKTOP UNITY_LIGHT_PROBE_PROXY_VOLUME UNITY_LIGHTMAP_RGBM_ENCODING ok=1
Cmd: compileSnippet
  api=4 type=0 insize=1602 outsize=2286 kw=UNITY_PASS_FORWARDBASE DIRECTIONAL LIGHTPROBE_SH _NORMALMAP pd=UNITY_ENABLE_REFLECTION_BUFFERS UNITY_USE_DITHER_MASK_FOR_ALPHABLENDED_SHADOWS UNITY_PBS_USE_BRDF1 UNITY_SPECCUBE_BOX_PROJECTION UNITY_SPECCUBE_BLENDING UNITY_ENABLE_DETAIL_NORMALMAP SHADER_API_DESKTOP UNITY_LIGHT_PROBE_PROXY_VOLUME UNITY_LIGHTMAP_RGBM_ENCODING ok=1
Cmd: disassembleShader
  api=4 insize=2286 outsize=3768 ok=1
Cmd: disassembleShader
  api=4 insize=1778 outsize=3138 ok=1
Cmd: compileSnippet
  api=4 type=0 insize=1602 outsize=2394 kw=UNITY_PASS_FORWARDBASE DIRECTIONAL SHADOWS_SCREEN LIGHTPROBE_SH _NORMALMAP pd=UNITY_ENABLE_REFLECTION_BUFFERS UNITY_USE_DITHER_MASK_FOR_ALPHABLENDED_SHADOWS UNITY_PBS_USE_BRDF1 UNITY_SPECCUBE_BOX_PROJECTION UNITY_SPECCUBE_BLENDING UNITY_ENABLE_DETAIL_NORMALMAP SHADER_API_DESKTOP UNITY_LIGHT_PROBE_PROXY_VOLUME UNITY_LIGHTMAP_RGBM_ENCODING ok=1
Cmd: disassembleShader
  api=4 insize=2394 outsize=3924 ok=1
Cmd: compileSnippet
  api=4 type=0 insize=1602 outsize=1670 kw=UNITY_PASS_FORWARDBASE DIRECTIONAL VERTEXLIGHT_ON _GLOSSYREFLECTIONS_OFF pd=UNITY_ENABLE_REFLECTION_BUFFERS UNITY_USE_DITHER_MASK_FOR_ALPHABLENDED_SHADOWS UNITY_PBS_USE_BRDF1 UNITY_SPECCUBE_BOX_PROJECTION UNITY_SPECCUBE_BLENDING UNITY_ENABLE_DETAIL_NORMALMAP SHADER_API_DESKTOP UNITY_LIGHT_PROBE_PROXY_VOLUME UNITY_LIGHTMAP_RGBM_ENCODING ok=1
Cmd: disassembleShader
  api=4 insize=1670 outsize=2982 ok=1
Cmd: compileSnippet
  api=4 type=0 insize=1602 outsize=2050 kw=UNITY_PASS_FORWARDBASE DIRECTIONAL VERTEXLIGHT_ON _NORMALMAP _GLOSSYREFLECTIONS_OFF pd=UNITY_ENABLE_REFLECTION_BUFFERS UNITY_USE_DITHER_MASK_FOR_ALPHABLENDED_SHADOWS UNITY_PBS_USE_BRDF1 UNITY_SPECCUBE_BOX_PROJECTION UNITY_SPECCUBE_BLENDING UNITY_ENABLE_DETAIL_NORMALMAP SHADER_API_DESKTOP UNITY_LIGHT_PROBE_PROXY_VOLUME UNITY_LIGHTMAP_RGBM_ENCODING ok=1
Cmd: disassembleShader
  api=4 insize=2050 outsize=3466 ok=1
Cmd: disassembleShader
  api=4 insize=2662 outsize=4296 ok=1
Cmd: compileSnippet
  api=4 type=0 insize=1602 outsize=2158 kw=UNITY_PASS_FORWARDBASE DIRECTIONAL SHADOWS_SCREEN VERTEXLIGHT_ON _NORMALMAP pd=UNITY_ENABLE_REFLECTION_BUFFERS UNITY_USE_DITHER_MASK_FOR_ALPHABLENDED_SHADOWS UNITY_PBS_USE_BRDF1 UNITY_SPECCUBE_BOX_PROJECTION UNITY_SPECCUBE_BLENDING UNITY_ENABLE_DETAIL_NORMALMAP SHADER_API_DESKTOP UNITY_LIGHT_PROBE_PROXY_VOLUME UNITY_LIGHTMAP_RGBM_ENCODING ok=1
Cmd: disassembleShader
  api=4 insize=2158 outsize=3622 ok=1
Cmd: compileSnippet
  api=4 type=0 insize=1602 outsize=3130 kw=UNITY_PASS_FORWARDBASE DIRECTIONAL SHADOWS_SCREEN LIGHTPROBE_SH VERTEXLIGHT_ON _NORMALMAP _GLOSSYREFLECTIONS_OFF pd=UNITY_ENABLE_REFLECTION_BUFFERS UNITY_USE_DITHER_MASK_FOR_ALPHABLENDED_SHADOWS UNITY_PBS_USE_BRDF1 UNITY_SPECCUBE_BOX_PROJECTION UNITY_SPECCUBE_BLENDING UNITY_ENABLE_DETAIL_NORMALMAP SHADER_API_DESKTOP UNITY_LIGHT_PROBE_PROXY_VOLUME UNITY_LIGHTMAP_RGBM_ENCODING ok=1
Cmd: disassembleShader
  api=4 insize=3130 outsize=4910 ok=1
Cmd: disassembleShader
  api=4 insize=4894 outsize=6975 ok=1
Cmd: disassembleShader
  api=4 insize=6798 outsize=9482 ok=1
Cmd: compileSnippet
  api=4 type=1 insize=1602 outsize=4782 kw=UNITY_PASS_FORWARDBASE DIRECTIONAL SHADOWS_SCREEN _NORMALMAP _GLOSSYREFLECTIONS_OFF pd=UNITY_ENABLE_REFLECTION_BUFFERS UNITY_USE_DITHER_MASK_FOR_ALPHABLENDED_SHADOWS UNITY_PBS_USE_BRDF1 UNITY_SPECCUBE_BOX_PROJECTION UNITY_SPECCUBE_BLENDING UNITY_ENABLE_DETAIL_NORMALMAP SHADER_API_DESKTOP UNITY_LIGHT_PROBE_PROXY_VOLUME UNITY_LIGHTMAP_RGBM_ENCODING ok=1
Cmd: disassembleShader
  api=4 insize=4782 outsize=6868 ok=1
Cmd: compileSnippet
  api=4 type=1 insize=1602 outsize=5374 kw=UNITY_PASS_FORWARDBASE DIRECTIONAL SHADOWS_SCREEN LIGHTPROBE_SH _GLOSSYREFLECTIONS_OFF pd=UNITY_ENABLE_REFLECTION_BUFFERS UNITY_USE_DITHER_MASK_FOR_ALPHABLENDED_SHADOWS UNITY_PBS_USE_BRDF1 UNITY_SPECCUBE_BOX_PROJECTION UNITY_SPECCUBE_BLENDING UNITY_ENABLE_DETAIL_NORMALMAP SHADER_API_DESKTOP UNITY_LIGHT_PROBE_PROXY_VOLUME UNITY_LIGHTMAP_RGBM_ENCODING ok=1
Cmd: disassembleShader
  api=4 insize=5374 outsize=7625 ok=1
Cmd: compileSnippet
  api=4 type=1 insize=1602 outsize=3850 kw=UNITY_PASS_FORWARDBASE DIRECTIONAL _GLOSSYREFLECTIONS_OFF pd=UNITY_ENABLE_REFLECTION_BUFFERS UNITY_USE_DITHER_MASK_FOR_ALPHABLENDED_SHADOWS UNITY_PBS_USE_BRDF1 UNITY_SPECCUBE_BOX_PROJECTION UNITY_SPECCUBE_BLENDING UNITY_ENABLE_DETAIL_NORMALMAP SHADER_API_DESKTOP UNITY_LIGHT_PROBE_PROXY_VOLUME UNITY_LIGHTMAP_RGBM_ENCODING ok=1
Cmd: disassembleShader
  api=4 insize=3850 outsize=5582 ok=1
Cmd: disassembleShader
  api=4 insize=2102 outsize=3564 ok=1
Cmd: disassembleShader
  api=4 insize=1950 outsize=3415 ok=1
Cmd: compileSnippet
  api=4 type=0 insize=1460 outsize=2330 kw=UNITY_PASS_FORWARDADD DIRECTIONAL_COOKIE _NORMALMAP pd=UNITY_ENABLE_REFLECTION_BUFFERS UNITY_USE_DITHER_MASK_FOR_ALPHABLENDED_SHADOWS UNITY_PBS_USE_BRDF1 UNITY_SPECCUBE_BOX_PROJECTION UNITY_SPECCUBE_BLENDING UNITY_ENABLE_DETAIL_NORMALMAP SHADER_API_DESKTOP UNITY_LIGHT_PROBE_PROXY_VOLUME UNITY_LIGHTMAP_RGBM_ENCODING ok=1
Cmd: disassembleShader
  api=4 insize=2330 outsize=3889 ok=1
Cmd: compileSnippet
  api=4 type=0 insize=1460 outsize=2210 kw=UNITY_PASS_FORWARDADD DIRECTIONAL SHADOWS_SCREEN _NORMALMAP pd=UNITY_ENABLE_REFLECTION_BUFFERS UNITY_USE_DITHER_MASK_FOR_ALPHABLENDED_SHADOWS UNITY_PBS_USE_BRDF1 UNITY_SPECCUBE_BOX_PROJECTION UNITY_SPECCUBE_BLENDING UNITY_ENABLE_DETAIL_NORMALMAP SHADER_API_DESKTOP UNITY_LIGHT_PROBE_PROXY_VOLUME UNITY_LIGHTMAP_RGBM_ENCODING ok=1
Cmd: disassembleShader
  api=4 insize=2210 outsize=3720 ok=1
Cmd: disassembleShader
  api=4 insize=1950 outsize=3410 ok=1
Cmd: compileSnippet
  api=4 type=0 insize=1460 outsize=2330 kw=UNITY_PASS_FORWARDADD POINT_COOKIE SHADOWS_CUBE _NORMALMAP pd=UNITY_ENABLE_REFLECTION_BUFFERS UNITY_USE_DITHER_MASK_FOR_ALPHABLENDED_SHADOWS UNITY_PBS_USE_BRDF1 UNITY_SPECCUBE_BOX_PROJECTION UNITY_SPECCUBE_BLENDING UNITY_ENABLE_DETAIL_NORMALMAP SHADER_API_DESKTOP UNITY_LIGHT_PROBE_PROXY_VOLUME UNITY_LIGHTMAP_RGBM_ENCODING ok=1
Cmd: disassembleShader
  api=4 insize=2330 outsize=3894 ok=1
Cmd: disassembleShader
  api=4 insize=3390 outsize=4962 ok=1
Cmd: compileSnippet
  api=4 type=1 insize=1460 outsize=4042 kw=UNITY_PASS_FORWARDADD DIRECTIONAL_COOKIE _NORMALMAP pd=UNITY_ENABLE_REFLECTION_BUFFERS UNITY_USE_DITHER_MASK_FOR_ALPHABLENDED_SHADOWS UNITY_PBS_USE_BRDF1 UNITY_SPECCUBE_BOX_PROJECTION UNITY_SPECCUBE_BLENDING UNITY_ENABLE_DETAIL_NORMALMAP SHADER_API_DESKTOP UNITY_LIGHT_PROBE_PROXY_VOLUME UNITY_LIGHTMAP_RGBM_ENCODING ok=1
Cmd: disassembleShader
  api=4 insize=4042 outsize=5937 ok=1
Cmd: compileSnippet
  api=4 type=1 insize=1460 outsize=4338 kw=UNITY_PASS_FORWARDADD DIRECTIONAL SHADOWS_SCREEN _NORMALMAP pd=UNITY_ENABLE_REFLECTION_BUFFERS UNITY_USE_DITHER_MASK_FOR_ALPHABLENDED_SHADOWS UNITY_PBS_USE_BRDF1 UNITY_SPECCUBE_BOX_PROJECTION UNITY_SPECCUBE_BLENDING UNITY_ENABLE_DETAIL_NORMALMAP SHADER_API_DESKTOP UNITY_LIGHT_PROBE_PROXY_VOLUME UNITY_LIGHTMAP_RGBM_ENCODING ok=1
Cmd: disassembleShader
  api=4 insize=4338 outsize=6304 ok=1
Cmd: disassembleShader
  api=4 insize=4654 outsize=6590 ok=1
Cmd: compileSnippet
  api=4 type=1 insize=1460 outsize=5446 kw=UNITY_PASS_FORWARDADD POINT SHADOWS_CUBE SHADOWS_SOFT _NORMALMAP pd=UNITY_ENABLE_REFLECTION_BUFFERS UNITY_USE_DITHER_MASK_FOR_ALPHABLENDED_SHADOWS UNITY_PBS_USE_BRDF1 UNITY_SPECCUBE_BOX_PROJECTION UNITY_SPECCUBE_BLENDING UNITY_ENABLE_DETAIL_NORMALMAP SHADER_API_DESKTOP UNITY_LIGHT_PROBE_PROXY_VOLUME UNITY_LIGHTMAP_RGBM_ENCODING ok=1
Cmd: disassembleShader
  api=4 insize=5446 outsize=7804 ok=1
Cmd: disassembleShader
  api=4 insize=1330 outsize=2142 ok=1
Cmd: disassembleShader
  api=4 insize=250 outsize=660 ok=1
Cmd: compileSnippet
  api=4 type=0 insize=1554 outsize=2198 kw=UNITY_PASS_DEFERRED LIGHTPROBE_SH _NORMALMAP pd=UNITY_ENABLE_REFLECTION_BUFFERS UNITY_USE_DITHER_MASK_FOR_ALPHABLENDED_SHADOWS UNITY_PBS_USE_BRDF1 UNITY_SPECCUBE_BOX_PROJECTION UNITY_SPECCUBE_BLENDING UNITY_ENABLE_DETAIL_NORMALMAP SHADER_API_DESKTOP UNITY_LIGHT_PROBE_PROXY_VOLUME UNITY_LIGHTMAP_RGBM_ENCODING ok=1
Cmd: disassembleShader
  api=4 insize=2198 outsize=3621 ok=1
Cmd: compileSnippet
  api=4 type=0 insize=1554 outsize=1962 kw=UNITY_PASS_DEFERRED _NORMALMAP pd=UNITY_ENABLE_REFLECTION_BUFFERS UNITY_USE_DITHER_MASK_FOR_ALPHABLENDED_SHADOWS UNITY_PBS_USE_BRDF1 UNITY_SPECCUBE_BOX_PROJECTION UNITY_SPECCUBE_BLENDING UNITY_ENABLE_DETAIL_NORMALMAP SHADER_API_DESKTOP UNITY_LIGHT_PROBE_PROXY_VOLUME UNITY_LIGHTMAP_RGBM_ENCODING ok=1
Cmd: disassembleShader
  api=4 insize=1962 outsize=3319 ok=1
Cmd: disassembleShader
  api=4 insize=1154 outsize=2422 ok=1
Cmd: disassembleShader
  api=4 insize=1154 outsize=2401 ok=1
Cmd: compileSnippet
  api=4 type=1 insize=1554 outsize=2734 kw=UNITY_PASS_DEFERRED LIGHTPROBE_SH UNITY_HDR_ON _NORMALMAP pd=UNITY_ENABLE_REFLECTION_BUFFERS UNITY_USE_DITHER_MASK_FOR_ALPHABLENDED_SHADOWS UNITY_PBS_USE_BRDF1 UNITY_SPECCUBE_BOX_PROJECTION UNITY_SPECCUBE_BLENDING UNITY_ENABLE_DETAIL_NORMALMAP SHADER_API_DESKTOP UNITY_LIGHT_PROBE_PROXY_VOLUME UNITY_LIGHTMAP_RGBM_ENCODING ok=1
Cmd: disassembleShader
  api=4 insize=2734 outsize=4699 ok=1
Cmd: disassembleShader
  api=4 insize=1746 outsize=3071 ok=1
Cmd: disassembleShader
  api=4 insize=2186 outsize=3645 ok=1
Cmd: compileSnippet
  api=4 type=0 insize=1406 outsize=2158 kw=UNITY_PASS_FORWARDBASE DIRECTIONAL SHADOWS_SCREEN _NORMALMAP pd=UNITY_ENABLE_REFLECTION_BUFFERS UNITY_USE_DITHER_MASK_FOR_ALPHABLENDED_SHADOWS UNITY_PBS_USE_BRDF1 UNITY_SPECCUBE_BOX_PROJECTION UNITY_SPECCUBE_BLENDING UNITY_ENABLE_DETAIL_NORMALMAP SHADER_API_DESKTOP UNITY_LIGHT_PROBE_PROXY_VOLUME UNITY_LIGHTMAP_RGBM_ENCODING ok=1
Cmd: disassembleShader
  api=4 insize=2158 outsize=3622 ok=1
Cmd: compileSnippet
  api=4 type=0 insize=1406 outsize=2034 kw=UNITY_PASS_FORWARDBASE DIRECTIONAL SHADOWS_SCREEN LIGHTPROBE_SH _GLOSSYREFLECTIONS_OFF pd=UNITY_ENABLE_REFLECTION_BUFFERS UNITY_USE_DITHER_MASK_FOR_ALPHABLENDED_SHADOWS UNITY_PBS_USE_BRDF1 UNITY_SPECCUBE_BOX_PROJECTION UNITY_SPECCUBE_BLENDING UNITY_ENABLE_DETAIL_NORMALMAP SHADER_API_DESKTOP UNITY_LIGHT_PROBE_PROXY_VOLUME UNITY_LIGHTMAP_RGBM_ENCODING ok=1
Cmd: disassembleShader
  api=4 insize=2034 outsize=3466 ok=1
Cmd: compileSnippet
  api=4 type=0 insize=1406 outsize=1746 kw=UNITY_PASS_FORWARDBASE DIRECTIONAL VERTEXLIGHT_ON _GLOSSYREFLECTIONS_OFF pd=UNITY_ENABLE_REFLECTION_BUFFERS UNITY_USE_DITHER_MASK_FOR_ALPHABLENDED_SHADOWS UNITY_PBS_USE_BRDF1 UNITY_SPECCUBE_BOX_PROJECTION UNITY_SPECCUBE_BLENDING UNITY_ENABLE_DETAIL_NORMALMAP SHADER_API_DESKTOP UNITY_LIGHT_PROBE_PROXY_VOLUME UNITY_LIGHTMAP_RGBM_ENCODING ok=1
Cmd: disassembleShader
  api=4 insize=1746 outsize=3071 ok=1
Cmd: compileSnippet
  api=4 type=0 insize=1406 outsize=3282 kw=UNITY_PASS_FORWARDBASE DIRECTIONAL LIGHTPROBE_SH VERTEXLIGHT_ON _NORMALMAP _GLOSSYREFLECTIONS_OFF pd=UNITY_ENABLE_REFLECTION_BUFFERS UNITY_USE_DITHER_MASK_FOR_ALPHABLENDED_SHADOWS UNITY_PBS_USE_BRDF1 UNITY_SPECCUBE_BOX_PROJECTION UNITY_SPECCUBE_BLENDING UNITY_ENABLE_DETAIL_NORMALMAP SHADER_API_DESKTOP UNITY_LIGHT_PROBE_PROXY_VOLUME UNITY_LIGHTMAP_RGBM_ENCODING ok=1
Cmd: disassembleShader
  api=4 insize=3282 outsize=5089 ok=1
Cmd: compileSnippet
  api=4 type=0 insize=1406 outsize=2770 kw=UNITY_PASS_FORWARDBASE DIRECTIONAL SHADOWS_SCREEN LIGHTPROBE_SH VERTEXLIGHT_ON _GLOSSYREFLECTIONS_OFF pd=UNITY_ENABLE_REFLECTION_BUFFERS UNITY_USE_DITHER_MASK_FOR_ALPHABLENDED_SHADOWS UNITY_PBS_USE_BRDF1 UNITY_SPECCUBE_BOX_PROJECTION UNITY_SPECCUBE_BLENDING UNITY_ENABLE_DETAIL_NORMALMAP SHADER_API_DESKTOP UNITY_LIGHT_PROBE_PROXY_VOLUME UNITY_LIGHTMAP_RGBM_ENCODING ok=1
Cmd: disassembleShader
  api=4 insize=2770 outsize=4452 ok=1
Cmd: compileSnippet
  api=4 type=0 insize=1406 outsize=1746 kw=UNITY_PASS_FORWARDBASE DIRECTIONAL _GLOSSYREFLECTIONS_OFF pd=UNITY_ENABLE_REFLECTION_BUFFERS UNITY_USE_DITHER_MASK_FOR_ALPHABLENDED_SHADOWS UNITY_PBS_USE_BRDF1 UNITY_SPECCUBE_BOX_PROJECTION UNITY_SPECCUBE_BLENDING UNITY_ENABLE_DETAIL_NORMALMAP SHADER_API_DESKTOP UNITY_LIGHT_PROBE_PROXY_VOLUME UNITY_LIGHTMAP_RGBM_ENCODING ok=1
Cmd: disassembleShader
  api=4 insize=1746 outsize=3071 ok=1
Cmd: compileSnippet
  api=4 type=1 insize=1406 outsize=3174 kw=UNITY_PASS_FORWARDBASE DIRECTIONAL LIGHTPROBE_SH _NORMALMAP pd=UNITY_ENABLE_REFLECTION_BUFFERS UNITY_USE_DITHER_MASK_FOR_ALPHABLENDED_SHADOWS UNITY_PBS_USE_BRDF1 UNITY_SPECCUBE_BOX_PROJECTION UNITY_SPECCUBE_BLENDING UNITY_ENABLE_DETAIL_NORMALMAP SHADER_API_DESKTOP UNITY_LIGHT_PROBE_PROXY_VOLUME UNITY_LIGHTMAP_RGBM_ENCODING ok=1
Cmd: disassembleShader
  api=4 insize=3174 outsize=5155 ok=1
Cmd: compileSnippet
  api=4 type=1 insize=1406 outsize=4782 kw=UNITY_PASS_FORWARDBASE DIRECTIONAL SHADOWS_SCREEN _NORMALMAP _GLOSSYREFLECTIONS_OFF pd=UNITY_ENABLE_REFLECTION_BUFFERS UNITY_USE_DITHER_MASK_FOR_ALPHABLENDED_SHADOWS UNITY_PBS_USE_BRDF1 UNITY_SPECCUBE_BOX_PROJECTION UNITY_SPECCUBE_BLENDING UNITY_ENABLE_DETAIL_NORMALMAP SHADER_API_DESKTOP UNITY_LIGHT_PROBE_PROXY_VOLUME UNITY_LIGHTMAP_RGBM_ENCODING ok=1
Cmd: disassembleShader
  api=4 insize=4782 outsize=6868 ok=1
Cmd: compileSnippet
  api=4 type=1 insize=1406 outsize=5766 kw=UNITY_PASS_FORWARDBASE DIRECTIONAL SHADOWS_SCREEN LIGHTPROBE_SH _NORMALMAP _GLOSSYREFLECTIONS_OFF pd=UNITY_ENABLE_REFLECTION_BUFFERS UNITY_USE_DITHER_MASK_FOR_ALPHABLENDED_SHADOWS UNITY_PBS_USE_BRDF1 UNITY_SPECCUBE_BOX_PROJECTION UNITY_SPECCUBE_BLENDING UNITY_ENABLE_DETAIL_NORMALMAP SHADER_API_DESKTOP UNITY_LIGHT_PROBE_PROXY_VOLUME UNITY_LIGHTMAP_RGBM_ENCODING ok=1
Cmd: disassembleShader
  api=4 insize=5766 outsize=8192 ok=1
Cmd: compileSnippet
  api=4 type=0 insize=1268 outsize=2178 kw=UNITY_PASS_FORWARDADD DIRECTIONAL _NORMALMAP pd=UNITY_ENABLE_REFLECTION_BUFFERS UNITY_USE_DITHER_MASK_FOR_ALPHABLENDED_SHADOWS UNITY_PBS_USE_BRDF1 UNITY_SPECCUBE_BOX_PROJECTION UNITY_SPECCUBE_BLENDING UNITY_ENABLE_DETAIL_NORMALMAP SHADER_API_DESKTOP UNITY_LIGHT_PROBE_PROXY_VOLUME UNITY_LIGHTMAP_RGBM_ENCODING ok=1
Cmd: disassembleShader
  api=4 insize=2178 outsize=3653 ok=1
Cmd: disassembleShader
  api=4 insize=2026 outsize=3494 ok=1
Cmd: disassembleShader
  api=4 insize=2102 outsize=3593 ok=1
Cmd: compileSnippet
  api=4 type=0 insize=1268 outsize=2210 kw=UNITY_PASS_FORWARDADD DIRECTIONAL SHADOWS_SCREEN _NORMALMAP pd=UNITY_ENABLE_REFLECTION_BUFFERS UNITY_USE_DITHER_MASK_FOR_ALPHABLENDED_SHADOWS UNITY_PBS_USE_BRDF1 UNITY_SPECCUBE_BOX_PROJECTION UNITY_SPECCUBE_BLENDING UNITY_ENABLE_DETAIL_NORMALMAP SHADER_API_DESKTOP UNITY_LIGHT_PROBE_PROXY_VOLUME UNITY_LIGHTMAP_RGBM_ENCODING ok=1
Cmd: disassembleShader
  api=4 insize=2210 outsize=3720 ok=1
Cmd: disassembleShader
  api=4 insize=2102 outsize=3588 ok=1
Cmd: disassembleShader
  api=4 insize=2102 outsize=3588 ok=1
Cmd: disassembleShader
  api=4 insize=1986 outsize=3487 ok=1
Cmd: compileSnippet
  api=4 type=1 insize=1268 outsize=2650 kw=UNITY_PASS_FORWARDADD POINT_COOKIE _NORMALMAP pd=UNITY_ENABLE_REFLECTION_BUFFERS UNITY_USE_DITHER_MASK_FOR_ALPHABLENDED_SHADOWS UNITY_PBS_USE_BRDF1 UNITY_SPECCUBE_BOX_PROJECTION UNITY_SPECCUBE_BLENDING UNITY_ENABLE_DETAIL_NORMALMAP SHADER_API_DESKTOP UNITY_LIGHT_PROBE_PROXY_VOLUME UNITY_LIGHTMAP_RGBM_ENCODING ok=1
Cmd: disassembleShader
  api=4 insize=2650 outsize=4537 ok=1
Cmd: disassembleShader
  api=4 insize=2258 outsize=3886 ok=1
Cmd: disassembleShader
  api=4 insize=3946 outsize=5737 ok=1
Cmd: compileSnippet
  api=4 type=1 insize=1268 outsize=4598 kw=UNITY_PASS_FORWARDADD DIRECTIONAL_COOKIE SHADOWS_SCREEN _NORMALMAP pd=UNITY_ENABLE_REFLECTION_BUFFERS UNITY_USE_DITHER_MASK_FOR_ALPHABLENDED_SHADOWS UNITY_PBS_USE_BRDF1 UNITY_SPECCUBE_BOX_PROJECTION UNITY_SPECCUBE_BLENDING UNITY_ENABLE_DETAIL_NORMALMAP SHADER_API_DESKTOP UNITY_LIGHT_PROBE_PROXY_VOLUME UNITY_LIGHTMAP_RGBM_ENCODING ok=1
Cmd: disassembleShader
  api=4 insize=4598 outsize=6712 ok=1
Cmd: disassembleShader
  api=4 insize=1446 outsize=2269 ok=1
Cmd: disassembleShader
  api=4 insize=250 outsize=660 ok=1
Cmd: shutdown
